     1                                  bits 16
     2                                  
     3                                  ; glb intptr_t : int
     4                                  ; glb uintptr_t : unsigned
     5                                  ; glb intmax_t : int
     6                                  ; glb uintmax_t : unsigned
     7                                  ; glb int8_t : signed char
     8                                  ; glb int_least8_t : signed char
     9                                  ; glb int_fast8_t : signed char
    10                                  ; glb uint8_t : unsigned char
    11                                  ; glb uint_least8_t : unsigned char
    12                                  ; glb uint_fast8_t : unsigned char
    13                                  ; glb int16_t : short
    14                                  ; glb int_least16_t : short
    15                                  ; glb int_fast16_t : short
    16                                  ; glb uint16_t : unsigned short
    17                                  ; glb uint_least16_t : unsigned short
    18                                  ; glb uint_fast16_t : unsigned short
    19                                  ; glb int32_t : int
    20                                  ; glb int_least32_t : int
    21                                  ; glb int_fast32_t : int
    22                                  ; glb uint32_t : unsigned
    23                                  ; glb uint_least32_t : unsigned
    24                                  ; glb uint_fast32_t : unsigned
    25                                  ; glb imaxdiv_t : struct <something>
    26                                  ; glb bool_t : int
    27                                  ; glb pointer_t : * unsigned char
    28                                  ; glb funcion_t : * (
    29                                  ; prm     <something> : * void
    30                                  ;     ) * void
    31                                  ; glb manejador_t : * (void) void
    32                                  ; glb rti_t : * (void) void
    33                                  ; glb isr_t : * (void) void
    34                                  ; glb handler_t : * (void) void
    35                                  ; glb retardarThread_t : * (void) int
    36                                  ; glb ptrTVI_t : * * (void) void
    37                                  ; glb modoSO1_t : int
    38                                  ; glb lh_t : struct <something>
    39                                  ; glb address_t : struct <something>
    40                                  ; glb uPtrAdr_t : union <something>
    41                                  ; glb pid_t : int
    42                                  ; glb tid_t : int
    43                                  ; glb uid_t : int
    44                                  ; glb gid_t : int
    45                                  ; glb pindx_t : int
    46                                  ; glb tindx_t : int
    47                                  ; glb df_t : int
    48                                  ; glb dfs_t : int
    49                                  ; glb rindx_t : int
    50                                  ; glb modoAp_t : unsigned short
    51                                  ; glb tramaDWords_t : struct <something>
    52                                  ; glb tramaWords_t : struct <something>
    53                                  ; RPN'ized expression: "2 "
    54                                  ; Expanded expression: "2 "
    55                                  ; Expression value: 2
    56                                  ; RPN'ized expression: "2 "
    57                                  ; Expanded expression: "2 "
    58                                  ; Expression value: 2
    59                                  ; RPN'ized expression: "2 "
    60                                  ; Expanded expression: "2 "
    61                                  ; Expression value: 2
    62                                  ; RPN'ized expression: "2 "
    63                                  ; Expanded expression: "2 "
    64                                  ; Expression value: 2
    65                                  ; glb tramaBytes_t : struct <something>
    66                                  ; glb trama_t : union <something>
    67                                  ; RPN'ized expression: "8 "
    68                                  ; Expanded expression: "8 "
    69                                  ; Expression value: 8
    70                                  ; glb bloque_t : struct <something>
    71                                  ; glb ptrBloque_t : * struct <something>
    72                                  ; glb dobleEnlace_t : struct <something>
    73                                  ; glb c2c_t : struct <something>
    74                                  ; glb posicionC2c : (
    75                                  ; prm     i : int
    76                                  ; prm     c2c : struct <something>
    77                                  ;     ) int
    78                                  ; glb eliminarC2c : (
    79                                  ; prm     i : int
    80                                  ; prm     c2c : struct <something>
    81                                  ;     ) void
    82                                  ; glb apilarC2c : (
    83                                  ; prm     i : int
    84                                  ; prm     c2c : struct <something>
    85                                  ;     ) void
    86                                  ; glb encolarC2c : (
    87                                  ; prm     i : int
    88                                  ; prm     c2c : struct <something>
    89                                  ;     ) void
    90                                  ; glb desencolarC2c : (
    91                                  ; prm     c2c : struct <something>
    92                                  ;     ) int
    93                                  ; glb inicializarC2c : (
    94                                  ; prm     c2c : * struct <something>
    95                                  ; prm     e : * struct <something>
    96                                  ; prm     cabecera : int
    97                                  ; prm     compartida : int
    98                                  ;     ) void
    99                                  ; glb ptrC2c_t : * struct <something>
   100                                  ; glb posicionPC2c : (
   101                                  ; prm     i : int
   102                                  ; prm     c2c : * struct <something>
   103                                  ;     ) int
   104                                  ; glb eliminarPC2c : (
   105                                  ; prm     i : int
   106                                  ; prm     ptrC2c : * struct <something>
   107                                  ;     ) void
   108                                  ; glb apilarPC2c : (
   109                                  ; prm     i : int
   110                                  ; prm     ptrC2c : * struct <something>
   111                                  ;     ) void
   112                                  ; glb encolarPC2c : (
   113                                  ; prm     i : int
   114                                  ; prm     ptrC2c : * struct <something>
   115                                  ;     ) void
   116                                  ; glb desencolarPC2c : (
   117                                  ; prm     ptrC2c : * struct <something>
   118                                  ;     ) int
   119                                  ; glb inicializarPC2c : (
   120                                  ; prm     ptrC2c : * struct <something>
   121                                  ; prm     e : * struct <something>
   122                                  ; prm     cabecera : int
   123                                  ; prm     compartida : int
   124                                  ;     ) void
   125                                  ; glb callBack_t : * (
   126                                  ; prm     arg : * void
   127                                  ;     ) int
   128                                  ; RPN'ized expression: "10 "
   129                                  ; Expanded expression: "10 "
   130                                  ; Expression value: 10
   131                                  ; glb descCcb_t : struct <something>
   132                                  ; glb ccb_t : * struct <something>
   133                                  ; glb inicCcb : (
   134                                  ; prm     ccb : * struct <something>
   135                                  ; prm     max : unsigned short
   136                                  ;     ) int
   137                                  ; glb encolarCcb : (
   138                                  ; prm     cb : * (
   139                                  ; prm         arg : * void
   140                                  ;         ) int
   141                                  ; prm     ccb : * struct <something>
   142                                  ;     ) int
   143                                  ; glb desencolarCcb : (
   144                                  ; prm     ccb : * struct <something>
   145                                  ;     ) * (
   146                                  ; prm     arg : * void
   147                                  ;     ) int
   148                                  ; glb eliminarCcb : (
   149                                  ; prm     cb : * (
   150                                  ; prm         arg : * void
   151                                  ;         ) int
   152                                  ; prm     ccb : * struct <something>
   153                                  ;     ) int
   154                                  ; glb eliminarSegCcb : (
   155                                  ; prm     segmento : unsigned short
   156                                  ; prm     ccb : * struct <something>
   157                                  ;     ) int
   158                                  ; glb vaciarCcb : (
   159                                  ; prm     ccb : * struct <something>
   160                                  ;     ) int
   161                                  ; glb atenderCcb : (
   162                                  ; prm     ccb : * struct <something>
   163                                  ;     ) int
   164                                  ; glb estado_t : int
   165                                  ; glb dfa_t : struct <something>
   166                                  ; RPN'ized expression: "12 "
   167                                  ; Expanded expression: "12 "
   168                                  ; Expression value: 12
   169                                  ; RPN'ized expression: "80 "
   170                                  ; Expanded expression: "80 "
   171                                  ; Expression value: 80
   172                                  ; RPN'ized expression: "10 "
   173                                  ; Expanded expression: "10 "
   174                                  ; Expression value: 10
   175                                  ; glb descProceso_t : struct <something>
   176                                  ; glb descThread_t : struct <something>
   177                                  ; glb tipoFichero_t : int
   178                                  ; RPN'ized expression: "9 "
   179                                  ; Expanded expression: "9 "
   180                                  ; Expression value: 9
   181                                  ; glb descFichero_t : struct <something>
   182                                  ; glb tipoRecurso_t : int
   183                                  ; glb open_t : * (
   184                                  ; prm     dfs : int
   185                                  ; prm     modo : unsigned short
   186                                  ;     ) int
   187                                  ; glb release_t : * (
   188                                  ; prm     dfs : int
   189                                  ;     ) int
   190                                  ; glb read_t : * (
   191                                  ; prm     dfs : int
   192                                  ; prm     dir : * unsigned char
   193                                  ; prm     nbytes : unsigned short
   194                                  ;     ) int
   195                                  ; glb aio_read_t : * (
   196                                  ; prm     dfs : int
   197                                  ; prm     dir : * unsigned char
   198                                  ; prm     nbytes : unsigned short
   199                                  ;     ) int
   200                                  ; glb write_t : * (
   201                                  ; prm     dfs : int
   202                                  ; prm     dir : * unsigned char
   203                                  ; prm     nbytes : unsigned short
   204                                  ;     ) int
   205                                  ; glb aio_write_t : * (
   206                                  ; prm     dfs : int
   207                                  ; prm     dir : * unsigned char
   208                                  ; prm     nbytes : unsigned short
   209                                  ;     ) int
   210                                  ; glb lseek_t : * (
   211                                  ; prm     dfs : int
   212                                  ; prm     pos : int
   213                                  ; prm     whence : unsigned short
   214                                  ;     ) int
   215                                  ; glb fcntl_t : * (
   216                                  ; prm     dfs : int
   217                                  ; prm     cmd : unsigned short
   218                                  ; prm     arg : unsigned short
   219                                  ;     ) int
   220                                  ; glb ioctl_t : * (
   221                                  ; prm     dfs : int
   222                                  ; prm     request : unsigned short
   223                                  ; prm     arg : unsigned short
   224                                  ;     ) int
   225                                  ; glb eliminar_t : * (
   226                                  ; prm     pindx : int
   227                                  ;     ) int
   228                                  ; RPN'ized expression: "12 "
   229                                  ; Expanded expression: "12 "
   230                                  ; Expression value: 12
   231                                  ; RPN'ized expression: "2 "
   232                                  ; Expanded expression: "2 "
   233                                  ; Expression value: 2
   234                                  ; RPN'ized expression: "2 "
   235                                  ; Expanded expression: "2 "
   236                                  ; Expression value: 2
   237                                  ; RPN'ized expression: "2 "
   238                                  ; Expanded expression: "2 "
   239                                  ; Expression value: 2
   240                                  ; glb descRecurso_t : struct <something>
   241                                  ; glb info_t : struct <something>
   242                                  ; glb cabecera_t : struct <something>
   243                                  ; RPN'ized expression: "16 1 + "
   244                                  ; Expanded expression: "17 "
   245                                  ; Expression value: 17
   246                                  ; RPN'ized expression: "16 2 + "
   247                                  ; Expanded expression: "18 "
   248                                  ; Expression value: 18
   249                                  ; RPN'ized expression: "2010 1 + "
   250                                  ; Expanded expression: "2011 "
   251                                  ; Expression value: 2011
   252                                  ; RPN'ized expression: "2010 2 + "
   253                                  ; Expanded expression: "2012 "
   254                                  ; Expression value: 2012
   255                                  ; RPN'ized expression: "20 1 + "
   256                                  ; Expanded expression: "21 "
   257                                  ; Expression value: 21
   258                                  ; RPN'ized expression: "20 2 + "
   259                                  ; Expanded expression: "22 "
   260                                  ; Expression value: 22
   261                                  ; RPN'ized expression: "14 1 + "
   262                                  ; Expanded expression: "15 "
   263                                  ; Expression value: 15
   264                                  ; RPN'ized expression: "14 2 + "
   265                                  ; Expanded expression: "16 "
   266                                  ; Expression value: 16
   267                                  ; RPN'ized expression: "16 16 + "
   268                                  ; Expanded expression: "32 "
   269                                  ; Expression value: 32
   270                                  ; RPN'ized expression: "2010 16 + "
   271                                  ; Expanded expression: "2026 "
   272                                  ; Expression value: 2026
   273                                  ; RPN'ized expression: "2010 1 + "
   274                                  ; Expanded expression: "2011 "
   275                                  ; Expression value: 2011
   276                                  ; RPN'ized expression: "2010 1 + "
   277                                  ; Expanded expression: "2011 "
   278                                  ; Expression value: 2011
   279                                  ; RPN'ized expression: "16 1 + "
   280                                  ; Expanded expression: "17 "
   281                                  ; Expression value: 17
   282                                  ; RPN'ized expression: "2010 1 + "
   283                                  ; Expanded expression: "2011 "
   284                                  ; Expression value: 2011
   285                                  ; RPN'ized expression: "20 14 + "
   286                                  ; Expanded expression: "34 "
   287                                  ; Expression value: 34
   288                                  ; glb e2PFR_t : struct <something>
   289                                  ; glb cPFR_t : int
   290                                  ; glb sigThread_t : * () int
   291                                  ; glb activarThread_t : * (
   292                                  ; prm     tindx : int
   293                                  ;     ) void
   294                                  ; glb buscarNuevoThreadActual_t : * (void) void
   295                                  ; glb bloquearThreadActual_t : * (
   296                                  ; prm     rindx : int
   297                                  ;     ) void
   298                                  ; glb descSO1H_t : struct <something>
   299                                  ; RPN'ized expression: "12 "
   300                                  ; Expanded expression: "12 "
   301                                  ; Expression value: 12
   302                                  ; RPN'ized expression: "80 "
   303                                  ; Expanded expression: "80 "
   304                                  ; Expression value: 80
   305                                  ; RPN'ized expression: "10 "
   306                                  ; Expanded expression: "10 "
   307                                  ; Expression value: 10
   308                                  ; glb descProcesoExt_t : struct <something>
   309                                  ; glb descThreadExt_t : struct <something>
   310                                  ; RPN'ized expression: "16 "
   311                                  ; Expanded expression: "16 "
   312                                  ; Expression value: 16
   313                                  ; glb descProceso : [16u] struct <something>
   314                                  ; RPN'ized expression: "2010 "
   315                                  ; Expanded expression: "2010 "
   316                                  ; Expression value: 2010
   317                                  ; glb descThread : [2010u] struct <something>
   318                                  ; RPN'ized expression: "20 "
   319                                  ; Expanded expression: "20 "
   320                                  ; Expression value: 20
   321                                  ; glb descFichero : [20u] struct <something>
   322                                  ; RPN'ized expression: "14 "
   323                                  ; Expanded expression: "14 "
   324                                  ; Expression value: 14
   325                                  ; glb descRecurso : [14u] struct <something>
   326                                  ; RPN'ized expression: "numColasPFR "
   327                                  ; Expanded expression: "12 "
   328                                  ; Expression value: 12
   329                                  ; glb c2cPFR : [12u] struct <something>
   330                                  ; glb e2PFR : struct <something>
   331                                  ; glb descCcbAlEpilogo : struct <something>
   332                                  ; glb ccbAlEpilogo : * struct <something>
   333                                  ; glb tramaThread : * union <something>
   334                                  ; glb tramaTarea : * union <something>
   335                                  ; glb indThreadActual : int
   336                                  ; glb indProcesoActual : int
   337                                  ; glb indThreadDeSuperficie : int
   338                                  ; glb contRodajas : unsigned
   339                                  ; glb contTicsRodaja : int
   340                                  ; glb contadorTimer00 : unsigned short
   341                                  ; glb contOcioso : int
   342                                  ; glb nuevoPid : (void) int
   343                                  ; glb nuevoTid : (void) int
   344                                  ; glb indice : (
   345                                  ; prm     tid : int
   346                                  ;     ) int
   347                                  ; glb sigThread : (void) int
   348                                  ; glb activarThread : (
   349                                  ; prm     tindx : int
   350                                  ;     ) int
   351                                  ; glb registrarEnPOrdenados : (
   352                                  ; prm     pindx : int
   353                                  ;     ) void
   354                                  ; glb crearThread : (
   355                                  ; prm     funcion : * (
   356                                  ; prm         <something> : * void
   357                                  ;         ) * void
   358                                  ; prm     SP0 : unsigned short
   359                                  ; prm     arg : * void
   360                                  ; prm     pindx : int
   361                                  ;     ) int
   362                                  ; glb crearProceso : (
   363                                  ; prm     segmento : unsigned short
   364                                  ; prm     tam : unsigned short
   365                                  ; prm     tamFich : unsigned
   366                                  ; prm     programa : * char
   367                                  ; prm     comando : * char
   368                                  ; prm     pindx : int
   369                                  ;     ) int
   370                                  ; glb inicProcesos : (void) void
   371                                  ; glb resetPids : (void) void
   372                                  ; glb resetTids : (void) void
   373                                  ; glb terminarThreadIndx : (
   374                                  ; prm     tindx : int
   375                                  ;     ) int
   376                                  ; glb eliminarThreadIndx : (
   377                                  ; prm     tindx : int
   378                                  ;     ) int
   379                                  ; glb terminarProcIndx : (
   380                                  ; prm     pindx : int
   381                                  ;     ) int
   382                                  ; glb eliminarProcIndx : (
   383                                  ; prm     pindx : int
   384                                  ;     ) int
   385                                  ; glb matarThreadIndx : (
   386                                  ; prm     tindx : int
   387                                  ;     ) int
   388                                  ; glb matarProcIndx : (
   389                                  ; prm     pindx : int
   390                                  ;     ) int
   391                                  ; glb link_procs : (void) void
   392                                  ; glb size_t : unsigned
   393                                  ; glb memset : (
   394                                  ; prm     <something> : * void
   395                                  ; prm     <something> : int
   396                                  ; prm     <something> : unsigned
   397                                  ;     ) * void
   398                                  ; glb memcpy : (
   399                                  ; prm     <something> : * void
   400                                  ; prm     <something> : * void
   401                                  ; prm     <something> : unsigned
   402                                  ;     ) * void
   403                                  ; glb memmove : (
   404                                  ; prm     <something> : * void
   405                                  ; prm     <something> : * void
   406                                  ; prm     <something> : unsigned
   407                                  ;     ) * void
   408                                  ; glb memchr : (
   409                                  ; prm     <something> : * char
   410                                  ; prm     <something> : int
   411                                  ; prm     <something> : unsigned
   412                                  ;     ) * char
   413                                  ; glb memcmp : (
   414                                  ; prm     <something> : * void
   415                                  ; prm     <something> : * void
   416                                  ; prm     <something> : unsigned
   417                                  ;     ) int
   418                                  ; glb strcpy : (
   419                                  ; prm     <something> : * char
   420                                  ; prm     <something> : * char
   421                                  ;     ) * char
   422                                  ; glb strncpy : (
   423                                  ; prm     <something> : * char
   424                                  ; prm     <something> : * char
   425                                  ; prm     <something> : unsigned
   426                                  ;     ) * char
   427                                  ; glb strxfrm : (
   428                                  ; prm     <something> : * char
   429                                  ; prm     <something> : * char
   430                                  ; prm     <something> : unsigned
   431                                  ;     ) unsigned
   432                                  ; glb strcat : (
   433                                  ; prm     <something> : * char
   434                                  ; prm     <something> : * char
   435                                  ;     ) * char
   436                                  ; glb strncat : (
   437                                  ; prm     <something> : * char
   438                                  ; prm     <something> : * char
   439                                  ; prm     <something> : unsigned
   440                                  ;     ) * char
   441                                  ; glb strlen : (
   442                                  ; prm     <something> : * char
   443                                  ;     ) unsigned
   444                                  ; glb strchr : (
   445                                  ; prm     <something> : * char
   446                                  ; prm     <something> : int
   447                                  ;     ) * char
   448                                  ; glb strrchr : (
   449                                  ; prm     <something> : * char
   450                                  ; prm     <something> : int
   451                                  ;     ) * char
   452                                  ; glb strstr : (
   453                                  ; prm     <something> : * char
   454                                  ; prm     <something> : * char
   455                                  ;     ) * char
   456                                  ; glb strspn : (
   457                                  ; prm     <something> : * char
   458                                  ; prm     <something> : * char
   459                                  ;     ) unsigned
   460                                  ; glb strcspn : (
   461                                  ; prm     <something> : * char
   462                                  ; prm     <something> : * char
   463                                  ;     ) unsigned
   464                                  ; glb strpbrk : (
   465                                  ; prm     <something> : * char
   466                                  ; prm     <something> : * char
   467                                  ;     ) * char
   468                                  ; glb strtok : (
   469                                  ; prm     <something> : * char
   470                                  ; prm     <something> : * char
   471                                  ;     ) * char
   472                                  ; glb strcmp : (
   473                                  ; prm     <something> : * char
   474                                  ; prm     <something> : * char
   475                                  ;     ) int
   476                                  ; glb strncmp : (
   477                                  ; prm     <something> : * char
   478                                  ; prm     <something> : * char
   479                                  ; prm     <something> : unsigned
   480                                  ;     ) int
   481                                  ; glb strcoll : (
   482                                  ; prm     <something> : * char
   483                                  ; prm     <something> : * char
   484                                  ;     ) int
   485                                  ; glb strerror : (
   486                                  ; prm     <something> : int
   487                                  ;     ) * char
   488                                  ; glb kk_fork : (void) int
   489                                  section .text
   490                                  	global	_kk_fork
   491                                  _kk_fork:
   492 00000000 6655                    	push	ebp
   493 00000002 660FB7EC                	movzx	ebp, sp
   494 00000006 83EC18                  	 sub	sp,         24
   495                                  ; loc     segmento : (@-4): unsigned short
   496                                  ; loc     pindx : (@-8): int
   497                                  ; loc     origen : (@-12): * unsigned char
   498                                  ; loc     destino : (@-16): * unsigned char
   499                                  ; loc     SS_NuevoProceso : (@-20): unsigned short
   500                                  ; loc     tam : (@-24): unsigned short
   501                                  ; RPN'ized expression: "tam descProceso indProcesoActual + *u &u tam -> *u = "
   502                                  ; Expanded expression: "(@-24) descProceso indProcesoActual *(4) 292 * + 60 + *(2) =(2) "
   503                                  ; Fused expression:    "descProceso push-ax indProcesoActual * *ax 292 + *sp ax + ax 60 =(202) *(@-24) *ax "
   504                                  section .relod
   505 00000000 [0B000000]              	dd	L3
   506                                  section .text
   507 00000009 66B8                    	db	0x66, 0xB8
   508                                  L3:
   509 0000000B [00000000]              	dd	_descProceso
   510 0000000F 6650                    	push	eax
   511                                  section .relod
   512 00000004 [13000000]              	dd	L4
   513                                  section .text
   514 00000011 66B8                    	db	0x66, 0xB8
   515                                  L4:
   516 00000013 [00000000]              	dd	_indProcesoActual
   517 00000017 6689C3                  	mov	ebx, eax
   518 0000001A 6689DE                  	mov	esi, ebx
   519 0000001D 66C1CE04                	ror	esi, 4
   520 00000021 8EDE                    	mov	ds, si
   521 00000023 66C1EE1C                	shr	esi, 28
   522 00000027 668B04                  	mov	eax, [si]
   523 0000002A 6669C024010000          	imul	eax, eax, 292
   524 00000031 6689C1                  	mov	ecx, eax
   525 00000034 6658                    	pop	eax
   526 00000036 6601C8                  	add	eax, ecx
   527 00000039 6683C03C                	add	eax, 60
   528 0000003D 6689C3                  	mov	ebx, eax
   529 00000040 6689DE                  	mov	esi, ebx
   530 00000043 66C1CE04                	ror	esi, 4
   531 00000047 8EDE                    	mov	ds, si
   532 00000049 66C1EE1C                	shr	esi, 28
   533 0000004D 8B04                    	mov	ax, [si]
   534 0000004F 660FB7C0                	movzx	eax, ax
   535 00000053 668946E8                	mov	[bp-24], eax
   536                                  ; if
   537                                  ; RPN'ized expression: "c2cPFR DPOcupados + *u &u numElem -> *u 16 1 - >= "
   538                                  ; Expanded expression: "c2cPFR 16 + 0 + *(4) 15 >= "
   539                                  ; Fused expression:    "c2cPFR + ax 16 + ax 0 >= *ax 15 IF! "
   540                                  section .relod
   541 00000008 [59000000]              	dd	L7
   542                                  section .text
   543 00000057 66B8                    	db	0x66, 0xB8
   544                                  L7:
   545 00000059 [00000000]              	dd	_c2cPFR
   546 0000005D 6683C010                	add	eax, 16
   547 00000061 6689C3                  	mov	ebx, eax
   548 00000064 6689DE                  	mov	esi, ebx
   549 00000067 66C1CE04                	ror	esi, 4
   550 0000006B 8EDE                    	mov	ds, si
   551 0000006D 66C1EE1C                	shr	esi, 28
   552 00000071 668B04                  	mov	eax, [si]
   553 00000074 6683F80F                	cmp	eax, 15
   554 00000078 7C09                    	jl	L5
   555                                  ; return
   556                                  ; RPN'ized expression: "1 -u "
   557                                  ; Expanded expression: "-1 "
   558                                  ; Expression value: -1
   559                                  ; Fused expression:    "-1  "
   560 0000007A 66B8FFFFFFFF            	mov	eax, -1
   561 00000080 E95D04                  	jmp	L1
   562                                  L5:
   563                                  ; if
   564                                  ; RPN'ized expression: "segmento ( tam k_buscarBloque ) = 0 == "
   565                                  ; Expanded expression: "(@-4)  (@-24) *(2)  k_buscarBloque ()4 =(2) 0 == "
   566                                  ; Fused expression:    "( *(2) (@-24) , k_buscarBloque )4 =(172) *(@-4) ax == ax 0 IF! "
   567 00000083 8B46E8                  	mov	ax, [bp-24]
   568 00000086 660FB7C0                	movzx	eax, ax
   569 0000008A 6650                    	push	eax
   570 0000008C 9A                      	db	0x9A
   571                                  section .relot
   572 00000000 [8D000000]              	dd	L10
   573                                  section .text
   574                                  L10:
   575 0000008D [00000000]              	dd	_k_buscarBloque
   576 00000091 83ECFC                  	sub	sp, -4
   577 00000094 8946FC                  	mov	[bp-4], ax
   578 00000097 660FB7C0                	movzx	eax, ax
   579 0000009B 6683F800                	cmp	eax, 0
   580 0000009F 7509                    	jne	L8
   581                                  ; return
   582                                  ; RPN'ized expression: "2 -u "
   583                                  ; Expanded expression: "-2 "
   584                                  ; Expression value: -2
   585                                  ; Fused expression:    "-2  "
   586 000000A1 66B8FEFFFFFF            	mov	eax, -2
   587 000000A7 E93604                  	jmp	L1
   588                                  L8:
   589                                  ; loc     <something> : unsigned
   590                                  ; loc     <something> : unsigned
   591                                  ; RPN'ized expression: "origen descProceso indProcesoActual + *u &u CSProc -> *u (something11) 4 << 0 (something12) + = "
   592                                  ; Expanded expression: "(@-12) descProceso indProcesoActual *(4) 292 * + 52 + *(2) 4 << 0u + =(4) "
   593                                  ; Fused expression:    "descProceso push-ax indProcesoActual * *ax 292 + *sp ax + ax 52 << *ax 4 + ax 0u =(204) *(@-12) ax "
   594                                  section .relod
   595 0000000C [AC000000]              	dd	L13
   596                                  section .text
   597 000000AA 66B8                    	db	0x66, 0xB8
   598                                  L13:
   599 000000AC [00000000]              	dd	_descProceso
   600 000000B0 6650                    	push	eax
   601                                  section .relod
   602 00000010 [B4000000]              	dd	L14
   603                                  section .text
   604 000000B2 66B8                    	db	0x66, 0xB8
   605                                  L14:
   606 000000B4 [00000000]              	dd	_indProcesoActual
   607 000000B8 6689C3                  	mov	ebx, eax
   608 000000BB 6689DE                  	mov	esi, ebx
   609 000000BE 66C1CE04                	ror	esi, 4
   610 000000C2 8EDE                    	mov	ds, si
   611 000000C4 66C1EE1C                	shr	esi, 28
   612 000000C8 668B04                  	mov	eax, [si]
   613 000000CB 6669C024010000          	imul	eax, eax, 292
   614 000000D2 6689C1                  	mov	ecx, eax
   615 000000D5 6658                    	pop	eax
   616 000000D7 6601C8                  	add	eax, ecx
   617 000000DA 6683C034                	add	eax, 52
   618 000000DE 6689C3                  	mov	ebx, eax
   619 000000E1 6689DE                  	mov	esi, ebx
   620 000000E4 66C1CE04                	ror	esi, 4
   621 000000E8 8EDE                    	mov	ds, si
   622 000000EA 66C1EE1C                	shr	esi, 28
   623 000000EE 8B04                    	mov	ax, [si]
   624 000000F0 660FB7C0                	movzx	eax, ax
   625 000000F4 66C1E004                	shl	eax, 4
   626 000000F8 668946F4                	mov	[bp-12], eax
   627                                  ; loc     <something> : unsigned
   628                                  ; loc     <something> : unsigned
   629                                  ; RPN'ized expression: "destino segmento (something15) 4 << 0 (something16) + = "
   630                                  ; Expanded expression: "(@-16) (@-4) *(2) 4 << 0u + =(4) "
   631                                  ; Fused expression:    "<< *(@-4) 4 + ax 0u =(204) *(@-16) ax "
   632 000000FC 8B46FC                  	mov	ax, [bp-4]
   633 000000FF 660FB7C0                	movzx	eax, ax
   634 00000103 66C1E004                	shl	eax, 4
   635 00000107 668946F0                	mov	[bp-16], eax
   636                                  ; loc     <something> : unsigned
   637                                  ; loc     <something> : unsigned
   638                                  ; RPN'ized expression: "( 16 (something17) tam (something18) * , origen , destino memcpy ) "
   639                                  ; Expanded expression: " 16u (@-24) *(2) *  (@-12) *(4)  (@-16) *(4)  memcpy ()12 "
   640                                  ; Fused expression:    "( * 16u *(@-24) , *(4) (@-12) , *(4) (@-16) , memcpy )12 "
   641 0000010B 66B810000000            	mov	eax, 16
   642 00000111 660FB74EE8              	movzx	ecx, word [bp-24]
   643 00000116 66F7E1                  	mul	ecx
   644 00000119 6650                    	push	eax
   645 0000011B 66FF76F4                	push	dword [bp-12]
   646 0000011F 66FF76F0                	push	dword [bp-16]
   647 00000123 9A                      	db	0x9A
   648                                  section .relot
   649 00000004 [24010000]              	dd	L19
   650                                  section .text
   651                                  L19:
   652 00000124 [00000000]              	dd	_memcpy
   653 00000128 83ECF4                  	sub	sp, -12
   654                                  ; loc     <something> : * struct <something>
   655                                  ; RPN'ized expression: "pindx ( c2cPFR DPLibres + *u &u (something20) desencolarPC2c ) = "
   656                                  ; Expanded expression: "(@-8)  c2cPFR 0 +  desencolarPC2c ()4 =(4) "
   657                                  ; Fused expression:    "( c2cPFR + ax 0 , desencolarPC2c )4 =(204) *(@-8) ax "
   658                                  section .relod
   659 00000014 [2D010000]              	dd	L21
   660                                  section .text
   661 0000012B 66B8                    	db	0x66, 0xB8
   662                                  L21:
   663 0000012D [00000000]              	dd	_c2cPFR
   664 00000131 6650                    	push	eax
   665 00000133 9A                      	db	0x9A
   666                                  section .relot
   667 00000008 [34010000]              	dd	L22
   668                                  section .text
   669                                  L22:
   670 00000134 [00000000]              	dd	_desencolarPC2c
   671 00000138 83ECFC                  	sub	sp, -4
   672 0000013B 668946F8                	mov	[bp-8], eax
   673                                  ; loc     <something> : * struct <something>
   674                                  ; RPN'ized expression: "( c2cPFR DPOcupados + *u &u (something23) , pindx encolarPC2c ) "
   675                                  ; Expanded expression: " c2cPFR 16 +  (@-8) *(4)  encolarPC2c ()8 "
   676                                  ; Fused expression:    "( c2cPFR + ax 16 , *(4) (@-8) , encolarPC2c )8 "
   677                                  section .relod
   678 00000018 [41010000]              	dd	L24
   679                                  section .text
   680 0000013F 66B8                    	db	0x66, 0xB8
   681                                  L24:
   682 00000141 [00000000]              	dd	_c2cPFR
   683 00000145 6683C010                	add	eax, 16
   684 00000149 6650                    	push	eax
   685 0000014B 66FF76F8                	push	dword [bp-8]
   686 0000014F 9A                      	db	0x9A
   687                                  section .relot
   688 0000000C [50010000]              	dd	L25
   689                                  section .text
   690                                  L25:
   691 00000150 [00000000]              	dd	_encolarPC2c
   692 00000154 83ECF8                  	sub	sp, -8
   693                                  ; loc     <something> : * unsigned char
   694                                  ; RPN'ized expression: "origen descProceso indProcesoActual + *u &u (something26) = "
   695                                  ; Expanded expression: "(@-12) descProceso indProcesoActual *(4) 292 * + =(4) "
   696                                  ; Fused expression:    "descProceso push-ax indProcesoActual * *ax 292 + *sp ax =(204) *(@-12) ax "
   697                                  section .relod
   698 0000001C [59010000]              	dd	L27
   699                                  section .text
   700 00000157 66B8                    	db	0x66, 0xB8
   701                                  L27:
   702 00000159 [00000000]              	dd	_descProceso
   703 0000015D 6650                    	push	eax
   704                                  section .relod
   705 00000020 [61010000]              	dd	L28
   706                                  section .text
   707 0000015F 66B8                    	db	0x66, 0xB8
   708                                  L28:
   709 00000161 [00000000]              	dd	_indProcesoActual
   710 00000165 6689C3                  	mov	ebx, eax
   711 00000168 6689DE                  	mov	esi, ebx
   712 0000016B 66C1CE04                	ror	esi, 4
   713 0000016F 8EDE                    	mov	ds, si
   714 00000171 66C1EE1C                	shr	esi, 28
   715 00000175 668B04                  	mov	eax, [si]
   716 00000178 6669C024010000          	imul	eax, eax, 292
   717 0000017F 6689C1                  	mov	ecx, eax
   718 00000182 6658                    	pop	eax
   719 00000184 6601C8                  	add	eax, ecx
   720 00000187 668946F4                	mov	[bp-12], eax
   721                                  ; loc     <something> : * unsigned char
   722                                  ; RPN'ized expression: "destino descProceso pindx + *u &u (something29) = "
   723                                  ; Expanded expression: "(@-16) descProceso (@-8) *(4) 292 * + =(4) "
   724                                  ; Fused expression:    "descProceso push-ax * *(@-8) 292 + *sp ax =(204) *(@-16) ax "
   725                                  section .relod
   726 00000024 [8D010000]              	dd	L30
   727                                  section .text
   728 0000018B 66B8                    	db	0x66, 0xB8
   729                                  L30:
   730 0000018D [00000000]              	dd	_descProceso
   731 00000191 6650                    	push	eax
   732 00000193 668B46F8                	mov	eax, [bp-8]
   733 00000197 6669C024010000          	imul	eax, eax, 292
   734 0000019E 6689C1                  	mov	ecx, eax
   735 000001A1 6658                    	pop	eax
   736 000001A3 6601C8                  	add	eax, ecx
   737 000001A6 668946F0                	mov	[bp-16], eax
   738                                  ; loc     <something> : struct <something>
   739                                  ; RPN'ized expression: "( <something31> sizeof , origen , destino memcpy ) "
   740                                  ; Expanded expression: " 292u  (@-12) *(4)  (@-16) *(4)  memcpy ()12 "
   741                                  ; Fused expression:    "( 292u , *(4) (@-12) , *(4) (@-16) , memcpy )12 "
   742 000001AA 666824010000            	push	dword 292
   743 000001B0 66FF76F4                	push	dword [bp-12]
   744 000001B4 66FF76F0                	push	dword [bp-16]
   745 000001B8 9A                      	db	0x9A
   746                                  section .relot
   747 00000010 [B9010000]              	dd	L32
   748                                  section .text
   749                                  L32:
   750 000001B9 [00000000]              	dd	_memcpy
   751 000001BD 83ECF4                  	sub	sp, -12
   752                                  ; loc     <something> : * unsigned char
   753                                  ; RPN'ized expression: "SS_NuevoProceso segmento ( descThread indProcesoActual + *u &u trama -> *u (something33) seg ) descProceso indProcesoActual + *u &u CSProc -> *u - + = "
   754                                  ; Expanded expression: "(@-20) (@-4) *(2)  descThread indProcesoActual *(4) 40 * + 12 + *(4)  seg ()4 descProceso indProcesoActual *(4) 292 * + 52 + *(2) - + =(2) "
   755                                  ; Fused expression:    "( descThread push-ax indProcesoActual * *ax 40 + *sp ax + ax 12 *(4) ax , seg )4 push-ax descProceso push-ax indProcesoActual * *ax 292 + *sp ax + ax 52 - *sp *ax + *(@-4) ax =(172) *(@-20) a
   756                                  section .relod
   757 00000028 [C2010000]              	dd	L34
   758                                  section .text
   759 000001C0 66B8                    	db	0x66, 0xB8
   760                                  L34:
   761 000001C2 [00000000]              	dd	_descThread
   762 000001C6 6650                    	push	eax
   763                                  section .relod
   764 0000002C [CA010000]              	dd	L35
   765                                  section .text
   766 000001C8 66B8                    	db	0x66, 0xB8
   767                                  L35:
   768 000001CA [00000000]              	dd	_indProcesoActual
   769 000001CE 6689C3                  	mov	ebx, eax
   770 000001D1 6689DE                  	mov	esi, ebx
   771 000001D4 66C1CE04                	ror	esi, 4
   772 000001D8 8EDE                    	mov	ds, si
   773 000001DA 66C1EE1C                	shr	esi, 28
   774 000001DE 668B04                  	mov	eax, [si]
   775 000001E1 666BC028                	imul	eax, eax, 40
   776 000001E5 6689C1                  	mov	ecx, eax
   777 000001E8 6658                    	pop	eax
   778 000001EA 6601C8                  	add	eax, ecx
   779 000001ED 6683C00C                	add	eax, 12
   780 000001F1 6689C3                  	mov	ebx, eax
   781 000001F4 6689DE                  	mov	esi, ebx
   782 000001F7 66C1CE04                	ror	esi, 4
   783 000001FB 8EDE                    	mov	ds, si
   784 000001FD 66C1EE1C                	shr	esi, 28
   785 00000201 66FF34                  	push	dword [si]
   786 00000204 9A                      	db	0x9A
   787                                  section .relot
   788 00000014 [05020000]              	dd	L36
   789                                  section .text
   790                                  L36:
   791 00000205 [00000000]              	dd	_seg
   792 00000209 83ECFC                  	sub	sp, -4
   793 0000020C 6650                    	push	eax
   794                                  section .relod
   795 00000030 [10020000]              	dd	L37
   796                                  section .text
   797 0000020E 66B8                    	db	0x66, 0xB8
   798                                  L37:
   799 00000210 [00000000]              	dd	_descProceso
   800 00000214 6650                    	push	eax
   801                                  section .relod
   802 00000034 [18020000]              	dd	L38
   803                                  section .text
   804 00000216 66B8                    	db	0x66, 0xB8
   805                                  L38:
   806 00000218 [00000000]              	dd	_indProcesoActual
   807 0000021C 6689C3                  	mov	ebx, eax
   808 0000021F 6689DE                  	mov	esi, ebx
   809 00000222 66C1CE04                	ror	esi, 4
   810 00000226 8EDE                    	mov	ds, si
   811 00000228 66C1EE1C                	shr	esi, 28
   812 0000022C 668B04                  	mov	eax, [si]
   813 0000022F 6669C024010000          	imul	eax, eax, 292
   814 00000236 6689C1                  	mov	ecx, eax
   815 00000239 6658                    	pop	eax
   816 0000023B 6601C8                  	add	eax, ecx
   817 0000023E 6683C034                	add	eax, 52
   818 00000242 6689C3                  	mov	ebx, eax
   819 00000245 6689DE                  	mov	esi, ebx
   820 00000248 66C1CE04                	ror	esi, 4
   821 0000024C 8EDE                    	mov	ds, si
   822 0000024E 66C1EE1C                	shr	esi, 28
   823 00000252 660FB70C                	movzx	ecx, word [si]
   824 00000256 6658                    	pop	eax
   825 00000258 6629C8                  	sub	eax, ecx
   826 0000025B 6689C1                  	mov	ecx, eax
   827 0000025E 8B46FC                  	mov	ax, [bp-4]
   828 00000261 660FB7C0                	movzx	eax, ax
   829 00000265 6601C8                  	add	eax, ecx
   830 00000268 8946EC                  	mov	[bp-20], ax
   831 0000026B 660FB7C0                	movzx	eax, ax
   832                                  ; loc     <something> : * union <something>
   833                                  ; loc     <something> : unsigned
   834                                  ; loc     <something> : unsigned short
   835                                  ; loc     <something> : * unsigned char
   836                                  ; RPN'ized expression: "descThread pindx + *u &u trama -> *u SS_NuevoProceso (something40) 16 << ( descThread indProcesoActual + *u &u trama -> *u (something42) off ) (something41) | (something39) = "
   837                                  ; Expanded expression: "descThread (@-8) *(4) 40 * + 12 + (@-20) *(2) 16 <<  descThread indProcesoActual *(4) 40 * + 12 + *(4)  off ()4 unsigned short | =(4) "
   838                                  ; Fused expression:    "descThread push-ax * *(@-8) 40 + *sp ax + ax 12 push-ax << *(@-20) 16 push-ax ( descThread push-ax indProcesoActual * *ax 40 + *sp ax + ax 12 *(4) ax , off )4 unsigned short | *sp ax =(204) *
   839                                  section .relod
   840 00000038 [71020000]              	dd	L43
   841                                  section .text
   842 0000026F 66B8                    	db	0x66, 0xB8
   843                                  L43:
   844 00000271 [00000000]              	dd	_descThread
   845 00000275 6650                    	push	eax
   846 00000277 668B46F8                	mov	eax, [bp-8]
   847 0000027B 666BC028                	imul	eax, eax, 40
   848 0000027F 6689C1                  	mov	ecx, eax
   849 00000282 6658                    	pop	eax
   850 00000284 6601C8                  	add	eax, ecx
   851 00000287 6683C00C                	add	eax, 12
   852 0000028B 6650                    	push	eax
   853 0000028D 8B46EC                  	mov	ax, [bp-20]
   854 00000290 660FB7C0                	movzx	eax, ax
   855 00000294 66C1E010                	shl	eax, 16
   856 00000298 6650                    	push	eax
   857                                  section .relod
   858 0000003C [9C020000]              	dd	L44
   859                                  section .text
   860 0000029A 66B8                    	db	0x66, 0xB8
   861                                  L44:
   862 0000029C [00000000]              	dd	_descThread
   863 000002A0 6650                    	push	eax
   864                                  section .relod
   865 00000040 [A4020000]              	dd	L45
   866                                  section .text
   867 000002A2 66B8                    	db	0x66, 0xB8
   868                                  L45:
   869 000002A4 [00000000]              	dd	_indProcesoActual
   870 000002A8 6689C3                  	mov	ebx, eax
   871 000002AB 6689DE                  	mov	esi, ebx
   872 000002AE 66C1CE04                	ror	esi, 4
   873 000002B2 8EDE                    	mov	ds, si
   874 000002B4 66C1EE1C                	shr	esi, 28
   875 000002B8 668B04                  	mov	eax, [si]
   876 000002BB 666BC028                	imul	eax, eax, 40
   877 000002BF 6689C1                  	mov	ecx, eax
   878 000002C2 6658                    	pop	eax
   879 000002C4 6601C8                  	add	eax, ecx
   880 000002C7 6683C00C                	add	eax, 12
   881 000002CB 6689C3                  	mov	ebx, eax
   882 000002CE 6689DE                  	mov	esi, ebx
   883 000002D1 66C1CE04                	ror	esi, 4
   884 000002D5 8EDE                    	mov	ds, si
   885 000002D7 66C1EE1C                	shr	esi, 28
   886 000002DB 66FF34                  	push	dword [si]
   887 000002DE 9A                      	db	0x9A
   888                                  section .relot
   889 00000018 [DF020000]              	dd	L46
   890                                  section .text
   891                                  L46:
   892 000002DF [00000000]              	dd	_off
   893 000002E3 83ECFC                  	sub	sp, -4
   894 000002E6 660FB7C0                	movzx	eax, ax
   895 000002EA 6689C1                  	mov	ecx, eax
   896 000002ED 6658                    	pop	eax
   897 000002EF 6609C8                  	or	eax, ecx
   898 000002F2 665B                    	pop	ebx
   899 000002F4 6689DE                  	mov	esi, ebx
   900 000002F7 66C1CE04                	ror	esi, 4
   901 000002FB 8EDE                    	mov	ds, si
   902 000002FD 66C1EE1C                	shr	esi, 28
   903 00000301 668904                  	mov	[si], eax
   904                                  ; RPN'ized expression: "descProceso pindx + *u &u CSProc -> *u segmento = "
   905                                  ; Expanded expression: "descProceso (@-8) *(4) 292 * + 52 + (@-4) *(2) =(2) "
   906                                  ; Fused expression:    "descProceso push-ax * *(@-8) 292 + *sp ax + ax 52 =(170) *ax *(@-4) "
   907                                  section .relod
   908 00000044 [06030000]              	dd	L47
   909                                  section .text
   910 00000304 66B8                    	db	0x66, 0xB8
   911                                  L47:
   912 00000306 [00000000]              	dd	_descProceso
   913 0000030A 6650                    	push	eax
   914 0000030C 668B46F8                	mov	eax, [bp-8]
   915 00000310 6669C024010000          	imul	eax, eax, 292
   916 00000317 6689C1                  	mov	ecx, eax
   917 0000031A 6658                    	pop	eax
   918 0000031C 6601C8                  	add	eax, ecx
   919 0000031F 6683C034                	add	eax, 52
   920 00000323 6689C3                  	mov	ebx, eax
   921 00000326 8B46FC                  	mov	ax, [bp-4]
   922 00000329 660FB7C0                	movzx	eax, ax
   923 0000032D 6689DE                  	mov	esi, ebx
   924 00000330 66C1CE04                	ror	esi, 4
   925 00000334 8EDE                    	mov	ds, si
   926 00000336 66C1EE1C                	shr	esi, 28
   927 0000033A 8904                    	mov	[si], ax
   928 0000033C 660FB7C0                	movzx	eax, ax
   929                                  ; RPN'ized expression: "descThread pindx + *u &u trama -> *u tw -> *u &u CS -> *u segmento = "
   930                                  ; Expanded expression: "descThread (@-8) *(4) 40 * + 12 + *(4) 0 + 38 + (@-4) *(2) =(2) "
   931                                  ; Fused expression:    "descThread push-ax * *(@-8) 40 + *sp ax + ax 12 + *ax 0 + ax 38 =(170) *ax *(@-4) "
   932                                  section .relod
   933 00000048 [42030000]              	dd	L48
   934                                  section .text
   935 00000340 66B8                    	db	0x66, 0xB8
   936                                  L48:
   937 00000342 [00000000]              	dd	_descThread
   938 00000346 6650                    	push	eax
   939 00000348 668B46F8                	mov	eax, [bp-8]
   940 0000034C 666BC028                	imul	eax, eax, 40
   941 00000350 6689C1                  	mov	ecx, eax
   942 00000353 6658                    	pop	eax
   943 00000355 6601C8                  	add	eax, ecx
   944 00000358 6683C00C                	add	eax, 12
   945 0000035C 6689C3                  	mov	ebx, eax
   946 0000035F 6689DE                  	mov	esi, ebx
   947 00000362 66C1CE04                	ror	esi, 4
   948 00000366 8EDE                    	mov	ds, si
   949 00000368 66C1EE1C                	shr	esi, 28
   950 0000036C 668B04                  	mov	eax, [si]
   951 0000036F 6683C026                	add	eax, 38
   952 00000373 6689C3                  	mov	ebx, eax
   953 00000376 8B46FC                  	mov	ax, [bp-4]
   954 00000379 660FB7C0                	movzx	eax, ax
   955 0000037D 6689DE                  	mov	esi, ebx
   956 00000380 66C1CE04                	ror	esi, 4
   957 00000384 8EDE                    	mov	ds, si
   958 00000386 66C1EE1C                	shr	esi, 28
   959 0000038A 8904                    	mov	[si], ax
   960 0000038C 660FB7C0                	movzx	eax, ax
   961                                  ; RPN'ized expression: "( pindx registrarEnPOrdenados ) "
   962                                  ; Expanded expression: " (@-8) *(4)  registrarEnPOrdenados ()4 "
   963                                  ; Fused expression:    "( *(4) (@-8) , registrarEnPOrdenados )4 "
   964 00000390 66FF76F8                	push	dword [bp-8]
   965 00000394 9A                      	db	0x9A
   966                                  section .relot
   967 0000001C [95030000]              	dd	L49
   968                                  section .text
   969                                  L49:
   970 00000395 [00000000]              	dd	_registrarEnPOrdenados
   971 00000399 83ECFC                  	sub	sp, -4
   972                                  ; RPN'ized expression: "descProceso pindx + *u &u pid -> *u ( nuevoPid ) = "
   973                                  ; Expanded expression: "descProceso (@-8) *(4) 292 * + 0 +  nuevoPid ()0 =(4) "
   974                                  ; Fused expression:    "descProceso push-ax * *(@-8) 292 + *sp ax + ax 0 push-ax ( nuevoPid )0 =(204) **sp ax "
   975                                  section .relod
   976 0000004C [9E030000]              	dd	L50
   977                                  section .text
   978 0000039C 66B8                    	db	0x66, 0xB8
   979                                  L50:
   980 0000039E [00000000]              	dd	_descProceso
   981 000003A2 6650                    	push	eax
   982 000003A4 668B46F8                	mov	eax, [bp-8]
   983 000003A8 6669C024010000          	imul	eax, eax, 292
   984 000003AF 6689C1                  	mov	ecx, eax
   985 000003B2 6658                    	pop	eax
   986 000003B4 6601C8                  	add	eax, ecx
   987 000003B7 6650                    	push	eax
   988 000003B9 9A                      	db	0x9A
   989                                  section .relot
   990 00000020 [BA030000]              	dd	L51
   991                                  section .text
   992                                  L51:
   993 000003BA [00000000]              	dd	_nuevoPid
   994 000003BE 665B                    	pop	ebx
   995 000003C0 6689DE                  	mov	esi, ebx
   996 000003C3 66C1CE04                	ror	esi, 4
   997 000003C7 8EDE                    	mov	ds, si
   998 000003C9 66C1EE1C                	shr	esi, 28
   999 000003CD 668904                  	mov	[si], eax
  1000                                  ; RPN'ized expression: "descProceso pindx + *u &u hpindx -> *u 1 -u = "
  1001                                  ; Expanded expression: "descProceso (@-8) *(4) 292 * + 16 + -1 =(4) "
  1002                                  ; Fused expression:    "descProceso push-ax * *(@-8) 292 + *sp ax + ax 16 =(204) *ax -1 "
  1003                                  section .relod
  1004 00000050 [D2030000]              	dd	L52
  1005                                  section .text
  1006 000003D0 66B8                    	db	0x66, 0xB8
  1007                                  L52:
  1008 000003D2 [00000000]              	dd	_descProceso
  1009 000003D6 6650                    	push	eax
  1010 000003D8 668B46F8                	mov	eax, [bp-8]
  1011 000003DC 6669C024010000          	imul	eax, eax, 292
  1012 000003E3 6689C1                  	mov	ecx, eax
  1013 000003E6 6658                    	pop	eax
  1014 000003E8 6601C8                  	add	eax, ecx
  1015 000003EB 6683C010                	add	eax, 16
  1016 000003EF 6689C3                  	mov	ebx, eax
  1017 000003F2 66B8FFFFFFFF            	mov	eax, -1
  1018 000003F8 6689DE                  	mov	esi, ebx
  1019 000003FB 66C1CE04                	ror	esi, 4
  1020 000003FF 8EDE                    	mov	ds, si
  1021 00000401 66C1EE1C                	shr	esi, 28
  1022 00000405 668904                  	mov	[si], eax
  1023                                  ; loc     <something> : * struct <something>
  1024                                  ; loc     <something> : * struct <something>
  1025                                  ; RPN'ized expression: "( TRUE , 16 pindx + , e2PFR &u e2Hijos -> *u &u (something54) , descProceso pindx + *u &u c2cHijos -> *u &u (something53) inicializarPC2c ) "
  1026                                  ; Expanded expression: " 1  16 (@-8) *(4) +  e2PFR 24816 +  descProceso (@-8) *(4) 292 * + 20 +  inicializarPC2c ()16 "
  1027                                  ; Fused expression:    "( 1 , + 16 *(@-8) , e2PFR + ax 24816 , descProceso push-ax * *(@-8) 292 + *sp ax + ax 20 , inicializarPC2c )16 "
  1028 00000408 666A01                  	push	dword 1
  1029 0000040B 66B810000000            	mov	eax, 16
  1030 00000411 660346F8                	add	eax, [bp-8]
  1031 00000415 6650                    	push	eax
  1032                                  section .relod
  1033 00000054 [19040000]              	dd	L55
  1034                                  section .text
  1035 00000417 66B8                    	db	0x66, 0xB8
  1036                                  L55:
  1037 00000419 [00000000]              	dd	_e2PFR
  1038 0000041D 6605F0600000            	add	eax, 24816
  1039 00000423 6650                    	push	eax
  1040                                  section .relod
  1041 00000058 [27040000]              	dd	L56
  1042                                  section .text
  1043 00000425 66B8                    	db	0x66, 0xB8
  1044                                  L56:
  1045 00000427 [00000000]              	dd	_descProceso
  1046 0000042B 6650                    	push	eax
  1047 0000042D 668B46F8                	mov	eax, [bp-8]
  1048 00000431 6669C024010000          	imul	eax, eax, 292
  1049 00000438 6689C1                  	mov	ecx, eax
  1050 0000043B 6658                    	pop	eax
  1051 0000043D 6601C8                  	add	eax, ecx
  1052 00000440 6683C014                	add	eax, 20
  1053 00000444 6650                    	push	eax
  1054 00000446 9A                      	db	0x9A
  1055                                  section .relot
  1056 00000024 [47040000]              	dd	L57
  1057                                  section .text
  1058                                  L57:
  1059 00000447 [00000000]              	dd	_inicializarPC2c
  1060 0000044B 83ECF0                  	sub	sp, -16
  1061                                  ; RPN'ized expression: "descProceso pindx + *u &u ppindx -> *u indProcesoActual = "
  1062                                  ; Expanded expression: "descProceso (@-8) *(4) 292 * + 12 + indProcesoActual *(4) =(4) "
  1063                                  ; Fused expression:    "descProceso push-ax * *(@-8) 292 + *sp ax + ax 12 push-ax indProcesoActual =(204) **sp *ax "
  1064                                  section .relod
  1065 0000005C [50040000]              	dd	L58
  1066                                  section .text
  1067 0000044E 66B8                    	db	0x66, 0xB8
  1068                                  L58:
  1069 00000450 [00000000]              	dd	_descProceso
  1070 00000454 6650                    	push	eax
  1071 00000456 668B46F8                	mov	eax, [bp-8]
  1072 0000045A 6669C024010000          	imul	eax, eax, 292
  1073 00000461 6689C1                  	mov	ecx, eax
  1074 00000464 6658                    	pop	eax
  1075 00000466 6601C8                  	add	eax, ecx
  1076 00000469 6683C00C                	add	eax, 12
  1077 0000046D 6650                    	push	eax
  1078                                  section .relod
  1079 00000060 [71040000]              	dd	L59
  1080                                  section .text
  1081 0000046F 66B8                    	db	0x66, 0xB8
  1082                                  L59:
  1083 00000471 [00000000]              	dd	_indProcesoActual
  1084 00000475 6689C3                  	mov	ebx, eax
  1085 00000478 6689DE                  	mov	esi, ebx
  1086 0000047B 66C1CE04                	ror	esi, 4
  1087 0000047F 8EDE                    	mov	ds, si
  1088 00000481 66C1EE1C                	shr	esi, 28
  1089 00000485 668B04                  	mov	eax, [si]
  1090 00000488 665B                    	pop	ebx
  1091 0000048A 6689DE                  	mov	esi, ebx
  1092 0000048D 66C1CE04                	ror	esi, 4
  1093 00000491 8EDE                    	mov	ds, si
  1094 00000493 66C1EE1C                	shr	esi, 28
  1095 00000497 668904                  	mov	[si], eax
  1096                                  ; loc     <something> : * struct <something>
  1097                                  ; RPN'ized expression: "( descProceso indProcesoActual + *u &u c2cHijos -> *u &u (something60) , pindx encolarPC2c ) "
  1098                                  ; Expanded expression: " descProceso indProcesoActual *(4) 292 * + 20 +  (@-8) *(4)  encolarPC2c ()8 "
  1099                                  ; Fused expression:    "( descProceso push-ax indProcesoActual * *ax 292 + *sp ax + ax 20 , *(4) (@-8) , encolarPC2c )8 "
  1100                                  section .relod
  1101 00000064 [9C040000]              	dd	L61
  1102                                  section .text
  1103 0000049A 66B8                    	db	0x66, 0xB8
  1104                                  L61:
  1105 0000049C [00000000]              	dd	_descProceso
  1106 000004A0 6650                    	push	eax
  1107                                  section .relod
  1108 00000068 [A4040000]              	dd	L62
  1109                                  section .text
  1110 000004A2 66B8                    	db	0x66, 0xB8
  1111                                  L62:
  1112 000004A4 [00000000]              	dd	_indProcesoActual
  1113 000004A8 6689C3                  	mov	ebx, eax
  1114 000004AB 6689DE                  	mov	esi, ebx
  1115 000004AE 66C1CE04                	ror	esi, 4
  1116 000004B2 8EDE                    	mov	ds, si
  1117 000004B4 66C1EE1C                	shr	esi, 28
  1118 000004B8 668B04                  	mov	eax, [si]
  1119 000004BB 6669C024010000          	imul	eax, eax, 292
  1120 000004C2 6689C1                  	mov	ecx, eax
  1121 000004C5 6658                    	pop	eax
  1122 000004C7 6601C8                  	add	eax, ecx
  1123 000004CA 6683C014                	add	eax, 20
  1124 000004CE 6650                    	push	eax
  1125 000004D0 66FF76F8                	push	dword [bp-8]
  1126 000004D4 9A                      	db	0x9A
  1127                                  section .relot
  1128 00000028 [D5040000]              	dd	L63
  1129                                  section .text
  1130                                  L63:
  1131 000004D5 [00000000]              	dd	_encolarPC2c
  1132 000004D9 83ECF8                  	sub	sp, -8
  1133                                  ; return
  1134                                  ; RPN'ized expression: "pindx "
  1135                                  ; Expanded expression: "(@-8) *(4) "
  1136                                  ; Fused expression:    "*(4) (@-8)  "
  1137 000004DC 668B46F8                	mov	eax, [bp-8]
  1138                                  L1:
  1139 000004E0 66                      	db	0x66
  1140 000004E1 C9                      	leave
  1141 000004E2 CB                      	retf
  1142                                  L64:
  1143                                  
  1144                                  section .fxnsz noalloc
  1145 00000000 E3040000                	dd	L64 - _kk_fork
  1146                                  
  1147                                  ; glb preEjecutar : (
  1148                                  ; prm     nombre : * char
  1149                                  ; prm     comando : * char
  1150                                  ; prm     pindx : int
  1151                                  ;     ) int
  1152                                  section .text
  1153                                  	global	_preEjecutar
  1154                                  _preEjecutar:
  1155 000004E3 6655                    	push	ebp
  1156 000004E5 660FB7EC                	movzx	ebp, sp
  1157                                  	;sub	sp,          0
  1158                                  ; loc     nombre : (@8): * char
  1159                                  ; loc     comando : (@12): * char
  1160                                  ; loc     pindx : (@16): int
  1161                                  L65:
  1162 000004E9 66                      	db	0x66
  1163 000004EA C9                      	leave
  1164 000004EB CB                      	retf
  1165                                  L67:
  1166                                  
  1167                                  section .fxnsz
  1168 00000004 09000000                	dd	L67 - _preEjecutar
  1169                                  
  1170                                  
  1171                                  	extern	_descProceso
  1172                                  	extern	_indProcesoActual
  1173                                  	extern	_c2cPFR
  1174                                  	extern	_k_buscarBloque
  1175                                  	extern	_memcpy
  1176                                  	extern	_desencolarPC2c
  1177                                  	extern	_encolarPC2c
  1178                                  	extern	_descThread
  1179                                  	extern	_seg
  1180                                  	extern	_off
  1181                                  	extern	_registrarEnPOrdenados
  1182                                  	extern	_nuevoPid
  1183                                  	extern	_e2PFR
  1184                                  	extern	_inicializarPC2c
  1185                                  
  1186                                  ; Syntax/declaration table/stack:
  1187                                  ; Bytes used: 10970/40960
  1188                                  
  1189                                  
  1190                                  ; Macro table:
  1191                                  ; Macro __SMALLER_C__ = `0x0100`
  1192                                  ; Macro __SMALLER_C_32__ = ``
  1193                                  ; Macro __HUGE__ = ``
  1194                                  ; Macro __SMALLER_C_SCHAR__ = ``
  1195                                  ; Bytes used: 74/5120
  1196                                  
  1197                                  
  1198                                  ; Identifier table:
  1199                                  ; Ident __floatsisf
  1200                                  ; Ident __floatunsisf
  1201                                  ; Ident __fixsfsi
  1202                                  ; Ident __fixunssfsi
  1203                                  ; Ident __addsf3
  1204                                  ; Ident __subsf3
  1205                                  ; Ident __negsf2
  1206                                  ; Ident __mulsf3
  1207                                  ; Ident __divsf3
  1208                                  ; Ident __lesf2
  1209                                  ; Ident __gesf2
  1210                                  ; Ident intptr_t
  1211                                  ; Ident uintptr_t
  1212                                  ; Ident intmax_t
  1213                                  ; Ident uintmax_t
  1214                                  ; Ident int8_t
  1215                                  ; Ident int_least8_t
  1216                                  ; Ident int_fast8_t
  1217                                  ; Ident uint8_t
  1218                                  ; Ident uint_least8_t
  1219                                  ; Ident uint_fast8_t
  1220                                  ; Ident int16_t
  1221                                  ; Ident int_least16_t
  1222                                  ; Ident int_fast16_t
  1223                                  ; Ident uint16_t
  1224                                  ; Ident uint_least16_t
  1225                                  ; Ident uint_fast16_t
  1226                                  ; Ident int32_t
  1227                                  ; Ident int_least32_t
  1228                                  ; Ident int_fast32_t
  1229                                  ; Ident uint32_t
  1230                                  ; Ident uint_least32_t
  1231                                  ; Ident uint_fast32_t
  1232                                  ; Ident <something>
  1233                                  ; Ident quot
  1234                                  ; Ident rem
  1235                                  ; Ident imaxdiv_t
  1236                                  ; Ident FALSE
  1237                                  ; Ident TRUE
  1238                                  ; Ident bool_t
  1239                                  ; Ident pointer_t
  1240                                  ; Ident funcion_t
  1241                                  ; Ident manejador_t
  1242                                  ; Ident rti_t
  1243                                  ; Ident isr_t
  1244                                  ; Ident handler_t
  1245                                  ; Ident retardarThread_t
  1246                                  ; Ident ptrTVI_t
  1247                                  ; Ident modoSO1_Bin
  1248                                  ; Ident modoSO1_Exe
  1249                                  ; Ident modoSO1_Bs
  1250                                  ; Ident modoSO1_t
  1251                                  ; Ident lo
  1252                                  ; Ident hi
  1253                                  ; Ident lh_t
  1254                                  ; Ident offset
  1255                                  ; Ident segment
  1256                                  ; Ident address_t
  1257                                  ; Ident ptr
  1258                                  ; Ident adr
  1259                                  ; Ident uPtrAdr_t
  1260                                  ; Ident pid_t
  1261                                  ; Ident tid_t
  1262                                  ; Ident uid_t
  1263                                  ; Ident gid_t
  1264                                  ; Ident pindx_t
  1265                                  ; Ident tindx_t
  1266                                  ; Ident df_t
  1267                                  ; Ident dfs_t
  1268                                  ; Ident rindx_t
  1269                                  ; Ident modoAp_t
  1270                                  ; Ident DS
  1271                                  ; Ident ES
  1272                                  ; Ident EDI
  1273                                  ; Ident ESI
  1274                                  ; Ident EBP
  1275                                  ; Ident ESP
  1276                                  ; Ident EBX
  1277                                  ; Ident EDX
  1278                                  ; Ident ECX
  1279                                  ; Ident EAX
  1280                                  ; Ident IP
  1281                                  ; Ident CS
  1282                                  ; Ident Flags
  1283                                  ; Ident tramaDWords_t
  1284                                  ; Ident DI
  1285                                  ; Ident rDI
  1286                                  ; Ident SI
  1287                                  ; Ident rSI
  1288                                  ; Ident BP
  1289                                  ; Ident rBP
  1290                                  ; Ident SP
  1291                                  ; Ident rSP
  1292                                  ; Ident BX
  1293                                  ; Ident rBX
  1294                                  ; Ident DX
  1295                                  ; Ident rDX
  1296                                  ; Ident CX
  1297                                  ; Ident rCX
  1298                                  ; Ident AX
  1299                                  ; Ident rAX
  1300                                  ; Ident tramaWords_t
  1301                                  ; Ident BL
  1302                                  ; Ident BH
  1303                                  ; Ident rB
  1304                                  ; Ident DL
  1305                                  ; Ident DH
  1306                                  ; Ident rD
  1307                                  ; Ident CL
  1308                                  ; Ident CH
  1309                                  ; Ident rC
  1310                                  ; Ident AL
  1311                                  ; Ident AH
  1312                                  ; Ident rA
  1313                                  ; Ident tramaBytes_t
  1314                                  ; Ident td
  1315                                  ; Ident tw
  1316                                  ; Ident tb
  1317                                  ; Ident trama_t
  1318                                  ; Ident tam
  1319                                  ; Ident sig
  1320                                  ; Ident ant
  1321                                  ; Ident aux
  1322                                  ; Ident relleno
  1323                                  ; Ident bloque_t
  1324                                  ; Ident ptrBloque_t
  1325                                  ; Ident cab
  1326                                  ; Ident dobleEnlace_t
  1327                                  ; Ident numElem
  1328                                  ; Ident primero
  1329                                  ; Ident cabecera
  1330                                  ; Ident e
  1331                                  ; Ident c2c_t
  1332                                  ; Ident posicionC2c
  1333                                  ; Ident i
  1334                                  ; Ident c2c
  1335                                  ; Ident eliminarC2c
  1336                                  ; Ident apilarC2c
  1337                                  ; Ident encolarC2c
  1338                                  ; Ident desencolarC2c
  1339                                  ; Ident inicializarC2c
  1340                                  ; Ident compartida
  1341                                  ; Ident ptrC2c_t
  1342                                  ; Ident posicionPC2c
  1343                                  ; Ident eliminarPC2c
  1344                                  ; Ident ptrC2c
  1345                                  ; Ident apilarPC2c
  1346                                  ; Ident encolarPC2c
  1347                                  ; Ident desencolarPC2c
  1348                                  ; Ident inicializarPC2c
  1349                                  ; Ident callBack_t
  1350                                  ; Ident arg
  1351                                  ; Ident num
  1352                                  ; Ident in
  1353                                  ; Ident out
  1354                                  ; Ident max
  1355                                  ; Ident callBack
  1356                                  ; Ident descCcb_t
  1357                                  ; Ident ccb_t
  1358                                  ; Ident inicCcb
  1359                                  ; Ident ccb
  1360                                  ; Ident encolarCcb
  1361                                  ; Ident cb
  1362                                  ; Ident desencolarCcb
  1363                                  ; Ident eliminarCcb
  1364                                  ; Ident eliminarSegCcb
  1365                                  ; Ident segmento
  1366                                  ; Ident vaciarCcb
  1367                                  ; Ident atenderCcb
  1368                                  ; Ident libre
  1369                                  ; Ident preparado
  1370                                  ; Ident ejecutandose
  1371                                  ; Ident bloqueado
  1372                                  ; Ident estado_t
  1373                                  ; Ident modoAp
  1374                                  ; Ident dfs
  1375                                  ; Ident pos
  1376                                  ; Ident dfa_t
  1377                                  ; Ident pid
  1378                                  ; Ident noStatus
  1379                                  ; Ident status
  1380                                  ; Ident ppindx
  1381                                  ; Ident hpindx
  1382                                  ; Ident c2cHijos
  1383                                  ; Ident c2cThreads
  1384                                  ; Ident CSProc
  1385                                  ; Ident tamCodigo
  1386                                  ; Ident desplBSS
  1387                                  ; Ident desplPila
  1388                                  ; Ident tamFichero
  1389                                  ; Ident programa
  1390                                  ; Ident comando
  1391                                  ; Ident nfa
  1392                                  ; Ident tfa
  1393                                  ; Ident uid
  1394                                  ; Ident gid
  1395                                  ; Ident descProceso_t
  1396                                  ; Ident tid
  1397                                  ; Ident estado
  1398                                  ; Ident esperandoPor
  1399                                  ; Ident trama
  1400                                  ; Ident ptindx
  1401                                  ; Ident htindx
  1402                                  ; Ident pindx
  1403                                  ; Ident SSThread
  1404                                  ; Ident SP0
  1405                                  ; Ident descThread_t
  1406                                  ; Ident flibre
  1407                                  ; Ident fRegular
  1408                                  ; Ident fedBloques
  1409                                  ; Ident fedCaracteres
  1410                                  ; Ident tuberia
  1411                                  ; Ident tipoFichero_t
  1412                                  ; Ident tipo
  1413                                  ; Ident nombre
  1414                                  ; Ident rindx
  1415                                  ; Ident menor
  1416                                  ; Ident shareMode
  1417                                  ; Ident contAp_L
  1418                                  ; Ident contAp_E
  1419                                  ; Ident descFichero_t
  1420                                  ; Ident rLibre
  1421                                  ; Ident rDCaracteres
  1422                                  ; Ident rDBloques
  1423                                  ; Ident rTuberia
  1424                                  ; Ident rGP
  1425                                  ; Ident rGM
  1426                                  ; Ident rSF
  1427                                  ; Ident rOtro
  1428                                  ; Ident tipoRecurso_t
  1429                                  ; Ident open_t
  1430                                  ; Ident modo
  1431                                  ; Ident release_t
  1432                                  ; Ident read_t
  1433                                  ; Ident dir
  1434                                  ; Ident nbytes
  1435                                  ; Ident aio_read_t
  1436                                  ; Ident write_t
  1437                                  ; Ident aio_write_t
  1438                                  ; Ident lseek_t
  1439                                  ; Ident whence
  1440                                  ; Ident fcntl_t
  1441                                  ; Ident cmd
  1442                                  ; Ident ioctl_t
  1443                                  ; Ident request
  1444                                  ; Ident eliminar_t
  1445                                  ; Ident tindx
  1446                                  ; Ident c2cFichRec
  1447                                  ; Ident numVI
  1448                                  ; Ident nVInt
  1449                                  ; Ident irq
  1450                                  ; Ident isr
  1451                                  ; Ident open
  1452                                  ; Ident release
  1453                                  ; Ident read
  1454                                  ; Ident aio_read
  1455                                  ; Ident write
  1456                                  ; Ident aio_write
  1457                                  ; Ident lseek
  1458                                  ; Ident fcntl
  1459                                  ; Ident ioctl
  1460                                  ; Ident eliminar
  1461                                  ; Ident descRecurso_t
  1462                                  ; Ident SP0_So1
  1463                                  ; Ident IMR
  1464                                  ; Ident modoSO1
  1465                                  ; Ident ptrDebugWord
  1466                                  ; Ident info_t
  1467                                  ; Ident signatura
  1468                                  ; Ident bytesUltSector
  1469                                  ; Ident sectores
  1470                                  ; Ident numDirReub
  1471                                  ; Ident numParCabecera
  1472                                  ; Ident minAlloc
  1473                                  ; Ident maxAlloc
  1474                                  ; Ident SS0
  1475                                  ; Ident checkSum
  1476                                  ; Ident IP0
  1477                                  ; Ident CS0
  1478                                  ; Ident offTablaReub
  1479                                  ; Ident numOverlay
  1480                                  ; Ident cabecera_t
  1481                                  ; Ident Libres
  1482                                  ; Ident Ocupados
  1483                                  ; Ident e2DescProceso
  1484                                  ; Ident e2DescThread
  1485                                  ; Ident e2DescFichero
  1486                                  ; Ident e2DescRecurso
  1487                                  ; Ident e2Hijos
  1488                                  ; Ident e2Threads
  1489                                  ; Ident e2Preparados
  1490                                  ; Ident e2Urgentes
  1491                                  ; Ident e2POrdenados
  1492                                  ; Ident e2TDormidos
  1493                                  ; Ident e2FichRec
  1494                                  ; Ident e2PFR_t
  1495                                  ; Ident DPLibres
  1496                                  ; Ident DPOcupados
  1497                                  ; Ident DTLibres
  1498                                  ; Ident DTOcupados
  1499                                  ; Ident TPreparados
  1500                                  ; Ident TUrgentes
  1501                                  ; Ident POrdenados
  1502                                  ; Ident TDormidos
  1503                                  ; Ident DFLibres
  1504                                  ; Ident DFOcupados
  1505                                  ; Ident DRLibres
  1506                                  ; Ident DROcupados
  1507                                  ; Ident numColasPFR
  1508                                  ; Ident cPFR_t
  1509                                  ; Ident sigThread_t
  1510                                  ; Ident activarThread_t
  1511                                  ; Ident buscarNuevoThreadActual_t
  1512                                  ; Ident bloquearThreadActual_t
  1513                                  ; Ident ptrIndProcesoActual
  1514                                  ; Ident ptrIndThreadActual
  1515                                  ; Ident ptrTramaThread
  1516                                  ; Ident ptrActivarAlEpilogo
  1517                                  ; Ident ptrDescProceso
  1518                                  ; Ident tamDescProceso
  1519                                  ; Ident ptrDescThread
  1520                                  ; Ident tamDescThread
  1521                                  ; Ident ptrDescFichero
  1522                                  ; Ident ptrDescRecurso
  1523                                  ; Ident ptrC2cPFR
  1524                                  ; Ident ptrE2PFR
  1525                                  ; Ident ptrNivelActivacionSO1H
  1526                                  ; Ident ptrEnHalt
  1527                                  ; Ident ptrHayTic
  1528                                  ; Ident ptrCcbAlEpilogo
  1529                                  ; Ident ptrSS_Thread
  1530                                  ; Ident ptrSP_Thread
  1531                                  ; Ident ptrSS_Kernel
  1532                                  ; Ident ptrSP0_Kernel
  1533                                  ; Ident SP0_SO1H
  1534                                  ; Ident ptrContRodajas
  1535                                  ; Ident ptrContTicsRodaja
  1536                                  ; Ident ptrVIOrg
  1537                                  ; Ident sigThread
  1538                                  ; Ident activarThread
  1539                                  ; Ident buscarNuevoThreadActual
  1540                                  ; Ident bloquearThreadActual
  1541                                  ; Ident ptrListaLibres
  1542                                  ; Ident ptrTamBloqueMax
  1543                                  ; Ident descSO1H_t
  1544                                  ; Ident descProcesoExt_t
  1545                                  ; Ident descThreadExt_t
  1546                                  ; Ident descProceso
  1547                                  ; Ident descThread
  1548                                  ; Ident descFichero
  1549                                  ; Ident descRecurso
  1550                                  ; Ident c2cPFR
  1551                                  ; Ident e2PFR
  1552                                  ; Ident descCcbAlEpilogo
  1553                                  ; Ident ccbAlEpilogo
  1554                                  ; Ident tramaThread
  1555                                  ; Ident tramaTarea
  1556                                  ; Ident indThreadActual
  1557                                  ; Ident indProcesoActual
  1558                                  ; Ident indThreadDeSuperficie
  1559                                  ; Ident contRodajas
  1560                                  ; Ident contTicsRodaja
  1561                                  ; Ident contadorTimer00
  1562                                  ; Ident contOcioso
  1563                                  ; Ident nuevoPid
  1564                                  ; Ident nuevoTid
  1565                                  ; Ident indice
  1566                                  ; Ident registrarEnPOrdenados
  1567                                  ; Ident crearThread
  1568                                  ; Ident funcion
  1569                                  ; Ident crearProceso
  1570                                  ; Ident tamFich
  1571                                  ; Ident inicProcesos
  1572                                  ; Ident resetPids
  1573                                  ; Ident resetTids
  1574                                  ; Ident terminarThreadIndx
  1575                                  ; Ident eliminarThreadIndx
  1576                                  ; Ident terminarProcIndx
  1577                                  ; Ident eliminarProcIndx
  1578                                  ; Ident matarThreadIndx
  1579                                  ; Ident matarProcIndx
  1580                                  ; Ident link_procs
  1581                                  ; Ident size_t
  1582                                  ; Ident memset
  1583                                  ; Ident memcpy
  1584                                  ; Ident memmove
  1585                                  ; Ident memchr
  1586                                  ; Ident memcmp
  1587                                  ; Ident strcpy
  1588                                  ; Ident strncpy
  1589                                  ; Ident strxfrm
  1590                                  ; Ident strcat
  1591                                  ; Ident strncat
  1592                                  ; Ident strlen
  1593                                  ; Ident strchr
  1594                                  ; Ident strrchr
  1595                                  ; Ident strstr
  1596                                  ; Ident strspn
  1597                                  ; Ident strcspn
  1598                                  ; Ident strpbrk
  1599                                  ; Ident strtok
  1600                                  ; Ident strcmp
  1601                                  ; Ident strncmp
  1602                                  ; Ident strcoll
  1603                                  ; Ident strerror
  1604                                  ; Ident kk_fork
  1605                                  ; Ident preEjecutar
  1606                                  ; Bytes used: 4122/16384
  1607                                  
  1608                                  ; Next label number: 68
  1609                                  ; Compilation succeeded.
